# JRE version: OpenJDK Runtime Environment (8.0_152-b01) (build 1.8.0_152-release-1248-b01)
# Java VM: OpenJDK 64-Bit Server VM (25.152-b01 mixed mode windows-amd64 compressed oops)
Heap:
 PSYoungGen      total 397312K, used 28039K [0x00000000e0000000, 0x00000000f9d80000, 0x0000000100000000)
  eden space 371200K, 4% used [0x00000000e0000000,0x00000000e1071468,0x00000000f6a80000)
  from space 26112K, 42% used [0x00000000f6a80000,0x00000000f7570890,0x00000000f8400000)
  to   space 25088K, 0% used [0x00000000f8500000,0x00000000f8500000,0x00000000f9d80000)
 ParOldGen       total 135168K, used 74143K [0x00000000a0000000, 0x00000000a8400000, 0x00000000e0000000)
  object space 135168K, 54% used [0x00000000a0000000,0x00000000a4867dc8,0x00000000a8400000)
 Metaspace       used 91107K, capacity 94448K, committed 94720K, reserved 1132544K
  class space    used 11472K, capacity 12238K, committed 12288K, reserved 1048576K
GC Heap History (10 events):
Event: 343.248 GC heap before
{Heap before GC invocations=26 (full 3):
 PSYoungGen      total 349696K, used 334324K [0x00000000e0000000, 0x00000000f7100000, 0x0000000100000000)
  eden space 321024K, 100% used [0x00000000e0000000,0x00000000f3980000,0x00000000f3980000)
  from space 28672K, 46% used [0x00000000f5480000,0x00000000f617d338,0x00000000f7080000)
  to   space 27648K, 0% used [0x00000000f3980000,0x00000000f3980000,0x00000000f5480000)
 ParOldGen       total 135168K, used 74111K [0x00000000a0000000, 0x00000000a8400000, 0x00000000e0000000)
  object space 135168K, 54% used [0x00000000a0000000,0x00000000a485fdc8,0x00000000a8400000)
 Metaspace       used 90977K, capacity 94306K, committed 94464K, reserved 1132544K
  class space    used 11471K, capacity 12237K, committed 12288K, reserved 1048576K
Event: 343.290 GC heap after
Heap after GC invocations=26 (full 3):
 PSYoungGen      total 348672K, used 15761K [0x00000000e0000000, 0x00000000f9f00000, 0x0000000100000000)
  eden space 321024K, 0% used [0x00000000e0000000,0x00000000e0000000,0x00000000f3980000)
  from space 27648K, 57% used [0x00000000f3980000,0x00000000f48e4788,0x00000000f5480000)
  to   space 26624K, 0% used [0x00000000f8500000,0x00000000f8500000,0x00000000f9f00000)
 ParOldGen       total 135168K, used 74119K [0x00000000a0000000, 0x00000000a8400000, 0x00000000e0000000)
  object space 135168K, 54% used [0x00000000a0000000,0x00000000a4861dc8,0x00000000a8400000)
 Metaspace       used 90977K, capacity 94306K, committed 94464K, reserved 1132544K
  class space    used 11471K, capacity 12237K, committed 12288K, reserved 1048576K
}
Event: 344.922 GC heap before
{Heap before GC invocations=27 (full 3):
 PSYoungGen      total 348672K, used 336785K [0x00000000e0000000, 0x00000000f9f00000, 0x0000000100000000)
  eden space 321024K, 100% used [0x00000000e0000000,0x00000000f3980000,0x00000000f3980000)
  from space 27648K, 57% used [0x00000000f3980000,0x00000000f48e4788,0x00000000f5480000)
  to   space 26624K, 0% used [0x00000000f8500000,0x00000000f8500000,0x00000000f9f00000)
 ParOldGen       total 135168K, used 74119K [0x00000000a0000000, 0x00000000a8400000, 0x00000000e0000000)
  object space 135168K, 54% used [0x00000000a0000000,0x00000000a4861dc8,0x00000000a8400000)
 Metaspace       used 91013K, capacity 94310K, committed 94464K, reserved 1132544K
  class space    used 11471K, capacity 12237K, committed 12288K, reserved 1048576K
Event: 344.956 GC heap after
Heap after GC invocations=27 (full 3):
 PSYoungGen      total 396288K, used 15600K [0x00000000e0000000, 0x00000000f9d80000, 0x0000000100000000)
  eden space 371200K, 0% used [0x00000000e0000000,0x00000000e0000000,0x00000000f6a80000)
  from space 25088K, 62% used [0x00000000f8500000,0x00000000f943c100,0x00000000f9d80000)
  to   space 26112K, 0% used [0x00000000f6a80000,0x00000000f6a80000,0x00000000f8400000)
 ParOldGen       total 135168K, used 74127K [0x00000000a0000000, 0x00000000a8400000, 0x00000000e0000000)
  object space 135168K, 54% used [0x00000000a0000000,0x00000000a4863dc8,0x00000000a8400000)
 Metaspace       used 91013K, capacity 94310K, committed 94464K, reserved 1132544K
  class space    used 11471K, capacity 12237K, committed 12288K, reserved 1048576K
}
Event: 347.016 GC heap before
{Heap before GC invocations=28 (full 3):
 PSYoungGen      total 396288K, used 386800K [0x00000000e0000000, 0x00000000f9d80000, 0x0000000100000000)
  eden space 371200K, 100% used [0x00000000e0000000,0x00000000f6a80000,0x00000000f6a80000)
  from space 25088K, 62% used [0x00000000f8500000,0x00000000f943c100,0x00000000f9d80000)
  to   space 26112K, 0% used [0x00000000f6a80000,0x00000000f6a80000,0x00000000f8400000)
 ParOldGen       total 135168K, used 74127K [0x00000000a0000000, 0x00000000a8400000, 0x00000000e0000000)
  object space 135168K, 54% used [0x00000000a0000000,0x00000000a4863dc8,0x00000000a8400000)
 Metaspace       used 91064K, capacity 94378K, committed 94720K, reserved 1132544K
  class space    used 11471K, capacity 12237K, committed 12288K, reserved 1048576K
Event: 347.039 GC heap after
Heap after GC invocations=28 (full 3):
 PSYoungGen      total 397312K, used 10734K [0x00000000e0000000, 0x00000000f9d80000, 0x0000000100000000)
  eden space 371200K, 0% used [0x00000000e0000000,0x00000000e0000000,0x00000000f6a80000)
  from space 26112K, 41% used [0x00000000f6a80000,0x00000000f74fba00,0x00000000f8400000)
  to   space 25088K, 0% used [0x00000000f8500000,0x00000000f8500000,0x00000000f9d80000)
 ParOldGen       total 135168K, used 74135K [0x00000000a0000000, 0x00000000a8400000, 0x00000000e0000000)
  object space 135168K, 54% used [0x00000000a0000000,0x00000000a4865dc8,0x00000000a8400000)
 Metaspace       used 91064K, capacity 94378K, committed 94720K, reserved 1132544K
  class space    used 11471K, capacity 12237K, committed 12288K, reserved 1048576K
}
Event: 348.645 GC heap before
{Heap before GC invocations=29 (full 3):
 PSYoungGen      total 397312K, used 381934K [0x00000000e0000000, 0x00000000f9d80000, 0x0000000100000000)
  eden space 371200K, 100% used [0x00000000e0000000,0x00000000f6a80000,0x00000000f6a80000)
  from space 26112K, 41% used [0x00000000f6a80000,0x00000000f74fba00,0x00000000f8400000)
  to   space 25088K, 0% used [0x00000000f8500000,0x00000000f8500000,0x00000000f9d80000)
 ParOldGen       total 135168K, used 74135K [0x00000000a0000000, 0x00000000a8400000, 0x00000000e0000000)
  object space 135168K, 54% used [0x00000000a0000000,0x00000000a4865dc8,0x00000000a8400000)
 Metaspace       used 91080K, capacity 94382K, committed 94720K, reserved 1132544K
  class space    used 11471K, capacity 12237K, committed 12288K, reserved 1048576K
Event: 348.678 GC heap after
Heap after GC invocations=29 (full 3):
 PSYoungGen      total 396288K, used 13628K [0x00000000e0000000, 0x00000000f9d80000, 0x0000000100000000)
  eden space 371200K, 0% used [0x00000000e0000000,0x00000000e0000000,0x00000000f6a80000)
  from space 25088K, 54% used [0x00000000f8500000,0x00000000f924f208,0x00000000f9d80000)
  to   space 26112K, 0% used [0x00000000f6a80000,0x00000000f6a80000,0x00000000f8400000)
 ParOldGen       total 135168K, used 74135K [0x00000000a0000000, 0x00000000a8400000, 0x00000000e0000000)
  object space 135168K, 54% used [0x00000000a0000000,0x00000000a4865dc8,0x00000000a8400000)
 Metaspace       used 91080K, capacity 94382K, committed 94720K, reserved 1132544K
  class space    used 11471K, capacity 12237K, committed 12288K, reserved 1048576K
}
Event: 350.248 GC heap before
{Heap before GC invocations=30 (full 3):
 PSYoungGen      total 396288K, used 384828K [0x00000000e0000000, 0x00000000f9d80000, 0x0000000100000000)
  eden space 371200K, 100% used [0x00000000e0000000,0x00000000f6a80000,0x00000000f6a80000)
  from space 25088K, 54% used [0x00000000f8500000,0x00000000f924f208,0x00000000f9d80000)
  to   space 26112K, 0% used [0x00000000f6a80000,0x00000000f6a80000,0x00000000f8400000)
 ParOldGen       total 135168K, used 74135K [0x00000000a0000000, 0x00000000a8400000, 0x00000000e0000000)
  object space 135168K, 54% used [0x00000000a0000000,0x00000000a4865dc8,0x00000000a8400000)
 Metaspace       used 91106K, capacity 94448K, committed 94720K, reserved 1132544K
  class space    used 11472K, capacity 12238K, committed 12288K, reserved 1048576K
Event: 350.294 GC heap after
Heap after GC invocations=30 (full 3):
 PSYoungGen      total 397312K, used 11202K [0x00000000e0000000, 0x00000000f9d80000, 0x0000000100000000)
  eden space 371200K, 0% used [0x00000000e0000000,0x00000000e0000000,0x00000000f6a80000)
  from space 26112K, 42% used [0x00000000f6a80000,0x00000000f7570890,0x00000000f8400000)
  to   space 25088K, 0% used [0x00000000f8500000,0x00000000f8500000,0x00000000f9d80000)
 ParOldGen       total 135168K, used 74143K [0x00000000a0000000, 0x00000000a8400000, 0x00000000e0000000)
  object space 135168K, 54% used [0x00000000a0000000,0x00000000a4867dc8,0x00000000a8400000)
 Metaspace       used 91106K, capacity 94448K, committed 94720K, reserved 1132544K
  class space    used 11472K, capacity 12238K, committed 12288K, reserved 1048576K
}

