# JRE version: OpenJDK Runtime Environment (8.0_152-b01) (build 1.8.0_152-release-1343-b01)
# Java VM: OpenJDK 64-Bit Server VM (25.152-b01 mixed mode windows-amd64 compressed oops)
Heap:
 PSYoungGen      total 180224K, used 60207K [0x00000000e0000000, 0x00000000eeb80000, 0x0000000100000000)
  eden space 159232K, 31% used [0x00000000e0000000,0x00000000e313f368,0x00000000e9b80000)
  from space 20992K, 46% used [0x00000000e9b80000,0x00000000ea50cbf8,0x00000000eb000000)
  to   space 19968K, 0% used [0x00000000ed800000,0x00000000ed800000,0x00000000eeb80000)
 ParOldGen       total 148480K, used 37329K [0x00000000a0000000, 0x00000000a9100000, 0x00000000e0000000)
  object space 148480K, 25% used [0x00000000a0000000,0x00000000a2474778,0x00000000a9100000)
 Metaspace       used 64967K, capacity 67168K, committed 67376K, reserved 1107968K
  class space    used 8645K, capacity 9230K, committed 9264K, reserved 1048576K
GC Heap History (10 events):
Event: 12.946 GC heap before
{Heap before GC invocations=16 (full 3):
 PSYoungGen      total 130560K, used 18920K [0x00000000e0000000, 0x00000000eb700000, 0x0000000100000000)
  eden space 111616K, 0% used [0x00000000e0000000,0x00000000e0000000,0x00000000e6d00000)
  from space 18944K, 99% used [0x00000000e6d00000,0x00000000e7f7a078,0x00000000e7f80000)
  to   space 23040K, 0% used [0x00000000ea080000,0x00000000ea080000,0x00000000eb700000)
 ParOldGen       total 96768K, used 26731K [0x00000000a0000000, 0x00000000a5e80000, 0x00000000e0000000)
  object space 96768K, 27% used [0x00000000a0000000,0x00000000a1a1ae48,0x00000000a5e80000)
 Metaspace       used 57317K, capacity 59084K, committed 59160K, reserved 1099776K
  class space    used 7835K, capacity 8332K, committed 8368K, reserved 1048576K
Event: 13.206 GC heap after
Heap after GC invocations=16 (full 3):
 PSYoungGen      total 130560K, used 0K [0x00000000e0000000, 0x00000000eb700000, 0x0000000100000000)
  eden space 111616K, 0% used [0x00000000e0000000,0x00000000e0000000,0x00000000e6d00000)
  from space 18944K, 0% used [0x00000000e6d00000,0x00000000e6d00000,0x00000000e7f80000)
  to   space 23040K, 0% used [0x00000000ea080000,0x00000000ea080000,0x00000000eb700000)
 ParOldGen       total 148480K, used 37305K [0x00000000a0000000, 0x00000000a9100000, 0x00000000e0000000)
  object space 148480K, 25% used [0x00000000a0000000,0x00000000a246e778,0x00000000a9100000)
 Metaspace       used 57317K, capacity 59084K, committed 59160K, reserved 1099776K
  class space    used 7835K, capacity 8332K, committed 8368K, reserved 1048576K
}
Event: 21.593 GC heap before
{Heap before GC invocations=17 (full 3):
 PSYoungGen      total 130560K, used 111616K [0x00000000e0000000, 0x00000000eb700000, 0x0000000100000000)
  eden space 111616K, 100% used [0x00000000e0000000,0x00000000e6d00000,0x00000000e6d00000)
  from space 18944K, 0% used [0x00000000e6d00000,0x00000000e6d00000,0x00000000e7f80000)
  to   space 23040K, 0% used [0x00000000ea080000,0x00000000ea080000,0x00000000eb700000)
 ParOldGen       total 148480K, used 37305K [0x00000000a0000000, 0x00000000a9100000, 0x00000000e0000000)
  object space 148480K, 25% used [0x00000000a0000000,0x00000000a246e778,0x00000000a9100000)
 Metaspace       used 59572K, capacity 61448K, committed 61616K, reserved 1101824K
  class space    used 8100K, capacity 8602K, committed 8624K, reserved 1048576K
Event: 21.602 GC heap after
Heap after GC invocations=17 (full 3):
 PSYoungGen      total 145920K, used 6640K [0x00000000e0000000, 0x00000000ead80000, 0x0000000100000000)
  eden space 132608K, 0% used [0x00000000e0000000,0x00000000e0000000,0x00000000e8180000)
  from space 13312K, 49% used [0x00000000ea080000,0x00000000ea6fc098,0x00000000ead80000)
  to   space 22528K, 0% used [0x00000000e8180000,0x00000000e8180000,0x00000000e9780000)
 ParOldGen       total 148480K, used 37313K [0x00000000a0000000, 0x00000000a9100000, 0x00000000e0000000)
  object space 148480K, 25% used [0x00000000a0000000,0x00000000a2470778,0x00000000a9100000)
 Metaspace       used 59572K, capacity 61448K, committed 61616K, reserved 1101824K
  class space    used 8100K, capacity 8602K, committed 8624K, reserved 1048576K
}
Event: 22.518 GC heap before
{Heap before GC invocations=18 (full 3):
 PSYoungGen      total 145920K, used 138225K [0x00000000e0000000, 0x00000000ead80000, 0x0000000100000000)
  eden space 132608K, 99% used [0x00000000e0000000,0x00000000e8080628,0x00000000e8180000)
  from space 13312K, 49% used [0x00000000ea080000,0x00000000ea6fc098,0x00000000ead80000)
  to   space 22528K, 0% used [0x00000000e8180000,0x00000000e8180000,0x00000000e9780000)
 ParOldGen       total 148480K, used 37313K [0x00000000a0000000, 0x00000000a9100000, 0x00000000e0000000)
  object space 148480K, 25% used [0x00000000a0000000,0x00000000a2470778,0x00000000a9100000)
 Metaspace       used 61008K, capacity 63030K, committed 63152K, reserved 1103872K
  class space    used 8271K, capacity 8787K, committed 8880K, reserved 1048576K
Event: 22.534 GC heap after
Heap after GC invocations=18 (full 3):
 PSYoungGen      total 155136K, used 8532K [0x00000000e0000000, 0x00000000ec500000, 0x0000000100000000)
  eden space 132608K, 0% used [0x00000000e0000000,0x00000000e0000000,0x00000000e8180000)
  from space 22528K, 37% used [0x00000000e8180000,0x00000000e89d53d8,0x00000000e9780000)
  to   space 21504K, 0% used [0x00000000eb000000,0x00000000eb000000,0x00000000ec500000)
 ParOldGen       total 148480K, used 37321K [0x00000000a0000000, 0x00000000a9100000, 0x00000000e0000000)
  object space 148480K, 25% used [0x00000000a0000000,0x00000000a2472778,0x00000000a9100000)
 Metaspace       used 61008K, capacity 63030K, committed 63152K, reserved 1103872K
  class space    used 8271K, capacity 8787K, committed 8880K, reserved 1048576K
}
Event: 22.578 GC heap before
{Heap before GC invocations=19 (full 3):
 PSYoungGen      total 155136K, used 140391K [0x00000000e0000000, 0x00000000ec500000, 0x0000000100000000)
  eden space 132608K, 99% used [0x00000000e0000000,0x00000000e80c48e8,0x00000000e8180000)
  from space 22528K, 37% used [0x00000000e8180000,0x00000000e89d53d8,0x00000000e9780000)
  to   space 21504K, 0% used [0x00000000eb000000,0x00000000eb000000,0x00000000ec500000)
 ParOldGen       total 148480K, used 37321K [0x00000000a0000000, 0x00000000a9100000, 0x00000000e0000000)
  object space 148480K, 25% used [0x00000000a0000000,0x00000000a2472778,0x00000000a9100000)
 Metaspace       used 61017K, capacity 63030K, committed 63152K, reserved 1103872K
  class space    used 8271K, capacity 8787K, committed 8880K, reserved 1048576K
Event: 22.592 GC heap after
Heap after GC invocations=19 (full 3):
 PSYoungGen      total 180736K, used 7190K [0x00000000e0000000, 0x00000000ee280000, 0x0000000100000000)
  eden space 159232K, 0% used [0x00000000e0000000,0x00000000e0000000,0x00000000e9b80000)
  from space 21504K, 33% used [0x00000000eb000000,0x00000000eb7059a0,0x00000000ec500000)
  to   space 20992K, 0% used [0x00000000e9b80000,0x00000000e9b80000,0x00000000eb000000)
 ParOldGen       total 148480K, used 37321K [0x00000000a0000000, 0x00000000a9100000, 0x00000000e0000000)
  object space 148480K, 25% used [0x00000000a0000000,0x00000000a2472778,0x00000000a9100000)
 Metaspace       used 61017K, capacity 63030K, committed 63152K, reserved 1103872K
  class space    used 8271K, capacity 8787K, committed 8880K, reserved 1048576K
}
Event: 185.375 GC heap before
{Heap before GC invocations=20 (full 3):
 PSYoungGen      total 180736K, used 166422K [0x00000000e0000000, 0x00000000ee280000, 0x0000000100000000)
  eden space 159232K, 100% used [0x00000000e0000000,0x00000000e9b80000,0x00000000e9b80000)
  from space 21504K, 33% used [0x00000000eb000000,0x00000000eb7059a0,0x00000000ec500000)
  to   space 20992K, 0% used [0x00000000e9b80000,0x00000000e9b80000,0x00000000eb000000)
 ParOldGen       total 148480K, used 37321K [0x00000000a0000000, 0x00000000a9100000, 0x00000000e0000000)
  object space 148480K, 25% used [0x00000000a0000000,0x00000000a2472778,0x00000000a9100000)
 Metaspace       used 64676K, capacity 66796K, committed 67120K, reserved 1107968K
  class space    used 8636K, capacity 9184K, committed 9264K, reserved 1048576K
Event: 185.391 GC heap after
Heap after GC invocations=20 (full 3):
 PSYoungGen      total 180224K, used 9778K [0x00000000e0000000, 0x00000000eeb80000, 0x0000000100000000)
  eden space 159232K, 0% used [0x00000000e0000000,0x00000000e0000000,0x00000000e9b80000)
  from space 20992K, 46% used [0x00000000e9b80000,0x00000000ea50cbf8,0x00000000eb000000)
  to   space 19968K, 0% used [0x00000000ed800000,0x00000000ed800000,0x00000000eeb80000)
 ParOldGen       total 148480K, used 37329K [0x00000000a0000000, 0x00000000a9100000, 0x00000000e0000000)
  object space 148480K, 25% used [0x00000000a0000000,0x00000000a2474778,0x00000000a9100000)
 Metaspace       used 64676K, capacity 66796K, committed 67120K, reserved 1107968K
  class space    used 8636K, capacity 9184K, committed 9264K, reserved 1048576K
}

