# JRE version: OpenJDK Runtime Environment (8.0_152-b01) (build 1.8.0_152-release-1248-b01)
# Java VM: OpenJDK 64-Bit Server VM (25.152-b01 mixed mode windows-amd64 compressed oops)
Heap:
 PSYoungGen      total 155136K, used 106076K [0x00000000e0000000, 0x00000000eaf80000, 0x0000000100000000)
  eden space 139776K, 68% used [0x00000000e0000000,0x00000000e5d77f70,0x00000000e8880000)
  from space 15360K, 67% used [0x00000000ea080000,0x00000000eaa9f3e8,0x00000000eaf80000)
  to   space 19968K, 0% used [0x00000000e8880000,0x00000000e8880000,0x00000000e9c00000)
 ParOldGen       total 156160K, used 36807K [0x00000000a0000000, 0x00000000a9880000, 0x00000000e0000000)
  object space 156160K, 23% used [0x00000000a0000000,0x00000000a23f1c28,0x00000000a9880000)
 Metaspace       used 66232K, capacity 68640K, committed 68736K, reserved 1107968K
  class space    used 8691K, capacity 9310K, committed 9344K, reserved 1048576K
GC Heap History (10 events):
Event: 17.442 GC heap before
{Heap before GC invocations=15 (full 2):
 PSYoungGen      total 122880K, used 97342K [0x00000000e0000000, 0x00000000e9a00000, 0x0000000100000000)
  eden space 107008K, 76% used [0x00000000e0000000,0x00000000e4f938b8,0x00000000e6880000)
  from space 15872K, 99% used [0x00000000e7c00000,0x00000000e8b7c098,0x00000000e8b80000)
  to   space 19968K, 0% used [0x00000000e6880000,0x00000000e6880000,0x00000000e7c00000)
 ParOldGen       total 102400K, used 23972K [0x00000000a0000000, 0x00000000a6400000, 0x00000000e0000000)
  object space 102400K, 23% used [0x00000000a0000000,0x00000000a17693e8,0x00000000a6400000)
 Metaspace       used 57190K, capacity 58984K, committed 59136K, reserved 1099776K
  class space    used 7851K, capacity 8344K, committed 8448K, reserved 1048576K
Event: 17.493 GC heap after
Heap after GC invocations=15 (full 2):
 PSYoungGen      total 126976K, used 19960K [0x00000000e0000000, 0x00000000eaf00000, 0x0000000100000000)
  eden space 107008K, 0% used [0x00000000e0000000,0x00000000e0000000,0x00000000e6880000)
  from space 19968K, 99% used [0x00000000e6880000,0x00000000e7bfe0a8,0x00000000e7c00000)
  to   space 23040K, 0% used [0x00000000e9880000,0x00000000e9880000,0x00000000eaf00000)
 ParOldGen       total 102400K, used 24913K [0x00000000a0000000, 0x00000000a6400000, 0x00000000e0000000)
  object space 102400K, 24% used [0x00000000a0000000,0x00000000a18547d8,0x00000000a6400000)
 Metaspace       used 57190K, capacity 58984K, committed 59136K, reserved 1099776K
  class space    used 7851K, capacity 8344K, committed 8448K, reserved 1048576K
}
Event: 17.493 GC heap before
{Heap before GC invocations=16 (full 3):
 PSYoungGen      total 126976K, used 19960K [0x00000000e0000000, 0x00000000eaf00000, 0x0000000100000000)
  eden space 107008K, 0% used [0x00000000e0000000,0x00000000e0000000,0x00000000e6880000)
  from space 19968K, 99% used [0x00000000e6880000,0x00000000e7bfe0a8,0x00000000e7c00000)
  to   space 23040K, 0% used [0x00000000e9880000,0x00000000e9880000,0x00000000eaf00000)
 ParOldGen       total 102400K, used 24913K [0x00000000a0000000, 0x00000000a6400000, 0x00000000e0000000)
  object space 102400K, 24% used [0x00000000a0000000,0x00000000a18547d8,0x00000000a6400000)
 Metaspace       used 57190K, capacity 58984K, committed 59136K, reserved 1099776K
  class space    used 7851K, capacity 8344K, committed 8448K, reserved 1048576K
Event: 18.001 GC heap after
Heap after GC invocations=16 (full 3):
 PSYoungGen      total 126976K, used 0K [0x00000000e0000000, 0x00000000eaf00000, 0x0000000100000000)
  eden space 107008K, 0% used [0x00000000e0000000,0x00000000e0000000,0x00000000e6880000)
  from space 19968K, 0% used [0x00000000e6880000,0x00000000e6880000,0x00000000e7c00000)
  to   space 23040K, 0% used [0x00000000e9880000,0x00000000e9880000,0x00000000eaf00000)
 ParOldGen       total 156160K, used 36783K [0x00000000a0000000, 0x00000000a9880000, 0x00000000e0000000)
  object space 156160K, 23% used [0x00000000a0000000,0x00000000a23ebc28,0x00000000a9880000)
 Metaspace       used 57190K, capacity 58984K, committed 59136K, reserved 1099776K
  class space    used 7851K, capacity 8344K, committed 8448K, reserved 1048576K
}
Event: 26.255 GC heap before
{Heap before GC invocations=17 (full 3):
 PSYoungGen      total 126976K, used 107008K [0x00000000e0000000, 0x00000000eaf00000, 0x0000000100000000)
  eden space 107008K, 100% used [0x00000000e0000000,0x00000000e6880000,0x00000000e6880000)
  from space 19968K, 0% used [0x00000000e6880000,0x00000000e6880000,0x00000000e7c00000)
  to   space 23040K, 0% used [0x00000000e9880000,0x00000000e9880000,0x00000000eaf00000)
 ParOldGen       total 156160K, used 36783K [0x00000000a0000000, 0x00000000a9880000, 0x00000000e0000000)
  object space 156160K, 23% used [0x00000000a0000000,0x00000000a23ebc28,0x00000000a9880000)
 Metaspace       used 61981K, capacity 64098K, committed 64128K, reserved 1103872K
  class space    used 8280K, capacity 8829K, committed 8832K, reserved 1048576K
Event: 26.285 GC heap after
Heap after GC invocations=17 (full 3):
 PSYoungGen      total 137728K, used 8460K [0x00000000e0000000, 0x00000000ea500000, 0x0000000100000000)
  eden space 124928K, 0% used [0x00000000e0000000,0x00000000e0000000,0x00000000e7a00000)
  from space 12800K, 66% used [0x00000000e9880000,0x00000000ea0c32e8,0x00000000ea500000)
  to   space 22016K, 0% used [0x00000000e7a00000,0x00000000e7a00000,0x00000000e8f80000)
 ParOldGen       total 156160K, used 36791K [0x00000000a0000000, 0x00000000a9880000, 0x00000000e0000000)
  object space 156160K, 23% used [0x00000000a0000000,0x00000000a23edc28,0x00000000a9880000)
 Metaspace       used 61981K, capacity 64098K, committed 64128K, reserved 1103872K
  class space    used 8280K, capacity 8829K, committed 8832K, reserved 1048576K
}
Event: 31.515 GC heap before
{Heap before GC invocations=18 (full 3):
 PSYoungGen      total 137728K, used 133388K [0x00000000e0000000, 0x00000000ea500000, 0x0000000100000000)
  eden space 124928K, 100% used [0x00000000e0000000,0x00000000e7a00000,0x00000000e7a00000)
  from space 12800K, 66% used [0x00000000e9880000,0x00000000ea0c32e8,0x00000000ea500000)
  to   space 22016K, 0% used [0x00000000e7a00000,0x00000000e7a00000,0x00000000e8f80000)
 ParOldGen       total 156160K, used 36791K [0x00000000a0000000, 0x00000000a9880000, 0x00000000e0000000)
  object space 156160K, 23% used [0x00000000a0000000,0x00000000a23edc28,0x00000000a9880000)
 Metaspace       used 64634K, capacity 66834K, committed 67072K, reserved 1107968K
  class space    used 8585K, capacity 9171K, committed 9216K, reserved 1048576K
Event: 31.543 GC heap after
Heap after GC invocations=18 (full 3):
 PSYoungGen      total 146944K, used 10272K [0x00000000e0000000, 0x00000000eb500000, 0x0000000100000000)
  eden space 124928K, 0% used [0x00000000e0000000,0x00000000e0000000,0x00000000e7a00000)
  from space 22016K, 46% used [0x00000000e7a00000,0x00000000e84083b0,0x00000000e8f80000)
  to   space 20992K, 0% used [0x00000000ea080000,0x00000000ea080000,0x00000000eb500000)
 ParOldGen       total 156160K, used 36799K [0x00000000a0000000, 0x00000000a9880000, 0x00000000e0000000)
  object space 156160K, 23% used [0x00000000a0000000,0x00000000a23efc28,0x00000000a9880000)
 Metaspace       used 64634K, capacity 66834K, committed 67072K, reserved 1107968K
  class space    used 8585K, capacity 9171K, committed 9216K, reserved 1048576K
}
Event: 158.590 GC heap before
{Heap before GC invocations=19 (full 3):
 PSYoungGen      total 146944K, used 135200K [0x00000000e0000000, 0x00000000eb500000, 0x0000000100000000)
  eden space 124928K, 100% used [0x00000000e0000000,0x00000000e7a00000,0x00000000e7a00000)
  from space 22016K, 46% used [0x00000000e7a00000,0x00000000e84083b0,0x00000000e8f80000)
  to   space 20992K, 0% used [0x00000000ea080000,0x00000000ea080000,0x00000000eb500000)
 ParOldGen       total 156160K, used 36799K [0x00000000a0000000, 0x00000000a9880000, 0x00000000e0000000)
  object space 156160K, 23% used [0x00000000a0000000,0x00000000a23efc28,0x00000000a9880000)
 Metaspace       used 66057K, capacity 68360K, committed 68480K, reserved 1107968K
  class space    used 8690K, capacity 9308K, committed 9344K, reserved 1048576K
Event: 158.634 GC heap after
Heap after GC invocations=19 (full 3):
 PSYoungGen      total 155136K, used 10364K [0x00000000e0000000, 0x00000000eaf80000, 0x0000000100000000)
  eden space 139776K, 0% used [0x00000000e0000000,0x00000000e0000000,0x00000000e8880000)
  from space 15360K, 67% used [0x00000000ea080000,0x00000000eaa9f3e8,0x00000000eaf80000)
  to   space 19968K, 0% used [0x00000000e8880000,0x00000000e8880000,0x00000000e9c00000)
 ParOldGen       total 156160K, used 36807K [0x00000000a0000000, 0x00000000a9880000, 0x00000000e0000000)
  object space 156160K, 23% used [0x00000000a0000000,0x00000000a23f1c28,0x00000000a9880000)
 Metaspace       used 66057K, capacity 68360K, committed 68480K, reserved 1107968K
  class space    used 8690K, capacity 9308K, committed 9344K, reserved 1048576K
}

