# JRE version: OpenJDK Runtime Environment (8.0_152-b01) (build 1.8.0_152-release-1248-b01)
# Java VM: OpenJDK 64-Bit Server VM (25.152-b01 mixed mode windows-amd64 compressed oops)
Heap:
 PSYoungGen      total 273408K, used 155024K [0x00000000e0000000, 0x00000000f2200000, 0x0000000100000000)
  eden space 249856K, 59% used [0x00000000e0000000,0x00000000e9207470,0x00000000ef400000)
  from space 23552K, 23% used [0x00000000ef400000,0x00000000ef95cea0,0x00000000f0b00000)
  to   space 22528K, 0% used [0x00000000f0c00000,0x00000000f0c00000,0x00000000f2200000)
 ParOldGen       total 143360K, used 41741K [0x00000000a0000000, 0x00000000a8c00000, 0x00000000e0000000)
  object space 143360K, 29% used [0x00000000a0000000,0x00000000a28c3658,0x00000000a8c00000)
 Metaspace       used 68217K, capacity 70966K, committed 71216K, reserved 1110016K
  class space    used 9111K, capacity 9755K, committed 9776K, reserved 1048576K
GC Heap History (10 events):
Event: 32.667 GC heap before
{Heap before GC invocations=22 (full 3):
 PSYoungGen      total 231936K, used 223308K [0x00000000e0000000, 0x00000000efa80000, 0x0000000100000000)
  eden space 208384K, 100% used [0x00000000e0000000,0x00000000ecb80000,0x00000000ecb80000)
  from space 23552K, 63% used [0x00000000ee380000,0x00000000ef2132d8,0x00000000efa80000)
  to   space 24064K, 0% used [0x00000000ecb80000,0x00000000ecb80000,0x00000000ee300000)
 ParOldGen       total 143360K, used 36745K [0x00000000a0000000, 0x00000000a8c00000, 0x00000000e0000000)
  object space 143360K, 25% used [0x00000000a0000000,0x00000000a23e24c8,0x00000000a8c00000)
 Metaspace       used 67945K, capacity 70652K, committed 70960K, reserved 1110016K
  class space    used 9090K, capacity 9722K, committed 9776K, reserved 1048576K
Event: 32.714 GC heap after
Heap after GC invocations=22 (full 3):
 PSYoungGen      total 232448K, used 16873K [0x00000000e0000000, 0x00000000f2400000, 0x0000000100000000)
  eden space 208384K, 0% used [0x00000000e0000000,0x00000000e0000000,0x00000000ecb80000)
  from space 24064K, 70% used [0x00000000ecb80000,0x00000000edbfa7e0,0x00000000ee300000)
  to   space 24576K, 0% used [0x00000000f0c00000,0x00000000f0c00000,0x00000000f2400000)
 ParOldGen       total 143360K, used 36753K [0x00000000a0000000, 0x00000000a8c00000, 0x00000000e0000000)
  object space 143360K, 25% used [0x00000000a0000000,0x00000000a23e44c8,0x00000000a8c00000)
 Metaspace       used 67945K, capacity 70652K, committed 70960K, reserved 1110016K
  class space    used 9090K, capacity 9722K, committed 9776K, reserved 1048576K
}
Event: 34.049 GC heap before
{Heap before GC invocations=23 (full 3):
 PSYoungGen      total 232448K, used 225257K [0x00000000e0000000, 0x00000000f2400000, 0x0000000100000000)
  eden space 208384K, 100% used [0x00000000e0000000,0x00000000ecb80000,0x00000000ecb80000)
  from space 24064K, 70% used [0x00000000ecb80000,0x00000000edbfa7e0,0x00000000ee300000)
  to   space 24576K, 0% used [0x00000000f0c00000,0x00000000f0c00000,0x00000000f2400000)
 ParOldGen       total 143360K, used 36753K [0x00000000a0000000, 0x00000000a8c00000, 0x00000000e0000000)
  object space 143360K, 25% used [0x00000000a0000000,0x00000000a23e44c8,0x00000000a8c00000)
 Metaspace       used 68097K, capacity 70826K, committed 70960K, reserved 1110016K
  class space    used 9111K, capacity 9755K, committed 9776K, reserved 1048576K
Event: 34.087 GC heap after
Heap after GC invocations=23 (full 3):
 PSYoungGen      total 272384K, used 11920K [0x00000000e0000000, 0x00000000f2200000, 0x0000000100000000)
  eden space 249856K, 0% used [0x00000000e0000000,0x00000000e0000000,0x00000000ef400000)
  from space 22528K, 52% used [0x00000000f0c00000,0x00000000f17a4008,0x00000000f2200000)
  to   space 23552K, 0% used [0x00000000ef400000,0x00000000ef400000,0x00000000f0b00000)
 ParOldGen       total 143360K, used 41157K [0x00000000a0000000, 0x00000000a8c00000, 0x00000000e0000000)
  object space 143360K, 28% used [0x00000000a0000000,0x00000000a2831658,0x00000000a8c00000)
 Metaspace       used 68097K, capacity 70826K, committed 70960K, reserved 1110016K
  class space    used 9111K, capacity 9755K, committed 9776K, reserved 1048576K
}
Event: 35.403 GC heap before
{Heap before GC invocations=24 (full 3):
 PSYoungGen      total 272384K, used 261776K [0x00000000e0000000, 0x00000000f2200000, 0x0000000100000000)
  eden space 249856K, 100% used [0x00000000e0000000,0x00000000ef400000,0x00000000ef400000)
  from space 22528K, 52% used [0x00000000f0c00000,0x00000000f17a4008,0x00000000f2200000)
  to   space 23552K, 0% used [0x00000000ef400000,0x00000000ef400000,0x00000000f0b00000)
 ParOldGen       total 143360K, used 41157K [0x00000000a0000000, 0x00000000a8c00000, 0x00000000e0000000)
  object space 143360K, 28% used [0x00000000a0000000,0x00000000a2831658,0x00000000a8c00000)
 Metaspace       used 68131K, capacity 70894K, committed 70960K, reserved 1110016K
  class space    used 9111K, capacity 9755K, committed 9776K, reserved 1048576K
Event: 35.452 GC heap after
Heap after GC invocations=24 (full 3):
 PSYoungGen      total 273408K, used 11268K [0x00000000e0000000, 0x00000000f2200000, 0x0000000100000000)
  eden space 249856K, 0% used [0x00000000e0000000,0x00000000e0000000,0x00000000ef400000)
  from space 23552K, 47% used [0x00000000ef400000,0x00000000eff01108,0x00000000f0b00000)
  to   space 22528K, 0% used [0x00000000f0c00000,0x00000000f0c00000,0x00000000f2200000)
 ParOldGen       total 143360K, used 41629K [0x00000000a0000000, 0x00000000a8c00000, 0x00000000e0000000)
  object space 143360K, 29% used [0x00000000a0000000,0x00000000a28a7658,0x00000000a8c00000)
 Metaspace       used 68131K, capacity 70894K, committed 70960K, reserved 1110016K
  class space    used 9111K, capacity 9755K, committed 9776K, reserved 1048576K
}
Event: 36.679 GC heap before
{Heap before GC invocations=25 (full 3):
 PSYoungGen      total 273408K, used 261124K [0x00000000e0000000, 0x00000000f2200000, 0x0000000100000000)
  eden space 249856K, 100% used [0x00000000e0000000,0x00000000ef400000,0x00000000ef400000)
  from space 23552K, 47% used [0x00000000ef400000,0x00000000eff01108,0x00000000f0b00000)
  to   space 22528K, 0% used [0x00000000f0c00000,0x00000000f0c00000,0x00000000f2200000)
 ParOldGen       total 143360K, used 41629K [0x00000000a0000000, 0x00000000a8c00000, 0x00000000e0000000)
  object space 143360K, 29% used [0x00000000a0000000,0x00000000a28a7658,0x00000000a8c00000)
 Metaspace       used 68162K, capacity 70898K, committed 70960K, reserved 1110016K
  class space    used 9111K, capacity 9755K, committed 9776K, reserved 1048576K
Event: 36.699 GC heap after
Heap after GC invocations=25 (full 3):
 PSYoungGen      total 272384K, used 11625K [0x00000000e0000000, 0x00000000f2200000, 0x0000000100000000)
  eden space 249856K, 0% used [0x00000000e0000000,0x00000000e0000000,0x00000000ef400000)
  from space 22528K, 51% used [0x00000000f0c00000,0x00000000f175a538,0x00000000f2200000)
  to   space 23552K, 0% used [0x00000000ef400000,0x00000000ef400000,0x00000000f0b00000)
 ParOldGen       total 143360K, used 41653K [0x00000000a0000000, 0x00000000a8c00000, 0x00000000e0000000)
  object space 143360K, 29% used [0x00000000a0000000,0x00000000a28ad658,0x00000000a8c00000)
 Metaspace       used 68162K, capacity 70898K, committed 70960K, reserved 1110016K
  class space    used 9111K, capacity 9755K, committed 9776K, reserved 1048576K
}
Event: 38.253 GC heap before
{Heap before GC invocations=26 (full 3):
 PSYoungGen      total 272384K, used 261481K [0x00000000e0000000, 0x00000000f2200000, 0x0000000100000000)
  eden space 249856K, 100% used [0x00000000e0000000,0x00000000ef400000,0x00000000ef400000)
  from space 22528K, 51% used [0x00000000f0c00000,0x00000000f175a538,0x00000000f2200000)
  to   space 23552K, 0% used [0x00000000ef400000,0x00000000ef400000,0x00000000f0b00000)
 ParOldGen       total 143360K, used 41653K [0x00000000a0000000, 0x00000000a8c00000, 0x00000000e0000000)
  object space 143360K, 29% used [0x00000000a0000000,0x00000000a28ad658,0x00000000a8c00000)
 Metaspace       used 68207K, capacity 70962K, committed 71216K, reserved 1110016K
  class space    used 9111K, capacity 9755K, committed 9776K, reserved 1048576K
Event: 38.276 GC heap after
Heap after GC invocations=26 (full 3):
 PSYoungGen      total 273408K, used 5491K [0x00000000e0000000, 0x00000000f2200000, 0x0000000100000000)
  eden space 249856K, 0% used [0x00000000e0000000,0x00000000e0000000,0x00000000ef400000)
  from space 23552K, 23% used [0x00000000ef400000,0x00000000ef95cea0,0x00000000f0b00000)
  to   space 22528K, 0% used [0x00000000f0c00000,0x00000000f0c00000,0x00000000f2200000)
 ParOldGen       total 143360K, used 41741K [0x00000000a0000000, 0x00000000a8c00000, 0x00000000e0000000)
  object space 143360K, 29% used [0x00000000a0000000,0x00000000a28c3658,0x00000000a8c00000)
 Metaspace       used 68207K, capacity 70962K, committed 71216K, reserved 1110016K
  class space    used 9111K, capacity 9755K, committed 9776K, reserved 1048576K
}

